<?xml version="1.0" encoding="UTF-8"?>
<testsuite xmlns:xsi="http://www.w3.org/2001/XMLSchema-instance" xsi:noNamespaceSchemaLocation="https://maven.apache.org/surefire/maven-surefire-plugin/xsd/surefire-test-report-3.0.xsd" version="3.0" name="TestSuite" time="710.667" tests="205" errors="0" skipped="0" failures="0">
  <properties>
    <property name="sun.desktop" value="windows"/>
    <property name="awt.toolkit" value="sun.awt.windows.WToolkit"/>
    <property name="surefire.suiteXmlFiles" value="testng.xml"/>
    <property name="file.encoding.pkg" value="sun.io"/>
    <property name="java.specification.version" value="1.8"/>
    <property name="webdriver.chrome.driver" value="C:\Windows\system32\config\systemprofile\.m2\repository\webdriver\chromedriver\win32\95.0.4638.69\chromedriver.exe"/>
    <property name="sun.cpu.isalist" value="amd64"/>
    <property name="sun.jnu.encoding" value="Cp1252"/>
    <property name="java.class.path" value="C:\apache-maven-3.8.2-bin\apache-maven-3.8.2\boot\plexus-classworlds-2.6.0.jar"/>
    <property name="java.vm.vendor" value="Oracle Corporation"/>
    <property name="sun.arch.data.model" value="64"/>
    <property name="user.variant" value=""/>
    <property name="java.vendor.url" value="http://java.oracle.com/"/>
    <property name="user.timezone" value="Asia/Calcutta"/>
    <property name="maven.conf" value="C:\apache-maven-3.8.2-bin\apache-maven-3.8.2/conf"/>
    <property name="os.name" value="Windows 10"/>
    <property name="java.vm.specification.version" value="1.8"/>
    <property name="user.country" value="US"/>
    <property name="sun.java.launcher" value="SUN_STANDARD"/>
    <property name="sun.boot.library.path" value="C:\Program Files\Java\jdk1.8.0_301\jre\bin"/>
    <property name="sun.java.command" value="org.codehaus.plexus.classworlds.launcher.Launcher clean test -Dsurefire.suiteXmlFiles=testng.xml"/>
    <property name="maven.home" value="C:\apache-maven-3.8.2-bin\apache-maven-3.8.2"/>
    <property name="surefire.test.class.path" value="D:\TravelCounsellors\target\test-classes;D:\TravelCounsellors\target\classes;C:\Windows\system32\config\systemprofile\.m2\repository\org\testng\testng\7.4.0\testng-7.4.0.jar;C:\Windows\system32\config\systemprofile\.m2\repository\com\beust\jcommander\1.78\jcommander-1.78.jar;C:\Windows\system32\config\systemprofile\.m2\repository\org\webjars\jquery\3.5.1\jquery-3.5.1.jar;C:\Windows\system32\config\systemprofile\.m2\repository\jexcelapi\jxl\2.4.2\jxl-2.4.2.jar;C:\Windows\system32\config\systemprofile\.m2\repository\org\seleniumhq\selenium\selenium-java\3.141.59\selenium-java-3.141.59.jar;C:\Windows\system32\config\systemprofile\.m2\repository\org\seleniumhq\selenium\selenium-api\3.141.59\selenium-api-3.141.59.jar;C:\Windows\system32\config\systemprofile\.m2\repository\org\seleniumhq\selenium\selenium-chrome-driver\3.141.59\selenium-chrome-driver-3.141.59.jar;C:\Windows\system32\config\systemprofile\.m2\repository\org\seleniumhq\selenium\selenium-edge-driver\3.141.59\selenium-edge-driver-3.141.59.jar;C:\Windows\system32\config\systemprofile\.m2\repository\org\seleniumhq\selenium\selenium-firefox-driver\3.141.59\selenium-firefox-driver-3.141.59.jar;C:\Windows\system32\config\systemprofile\.m2\repository\org\seleniumhq\selenium\selenium-ie-driver\3.141.59\selenium-ie-driver-3.141.59.jar;C:\Windows\system32\config\systemprofile\.m2\repository\org\seleniumhq\selenium\selenium-opera-driver\3.141.59\selenium-opera-driver-3.141.59.jar;C:\Windows\system32\config\systemprofile\.m2\repository\org\seleniumhq\selenium\selenium-remote-driver\3.141.59\selenium-remote-driver-3.141.59.jar;C:\Windows\system32\config\systemprofile\.m2\repository\org\seleniumhq\selenium\selenium-safari-driver\3.141.59\selenium-safari-driver-3.141.59.jar;C:\Windows\system32\config\systemprofile\.m2\repository\org\seleniumhq\selenium\selenium-support\3.141.59\selenium-support-3.141.59.jar;C:\Windows\system32\config\systemprofile\.m2\repository\net\bytebuddy\byte-buddy\1.8.15\byte-buddy-1.8.15.jar;C:\Windows\system32\config\systemprofile\.m2\repository\org\apache\commons\commons-exec\1.3\commons-exec-1.3.jar;C:\Windows\system32\config\systemprofile\.m2\repository\com\squareup\okhttp3\okhttp\3.11.0\okhttp-3.11.0.jar;C:\Windows\system32\config\systemprofile\.m2\repository\com\squareup\okio\okio\1.14.0\okio-1.14.0.jar;C:\Windows\system32\config\systemprofile\.m2\repository\com\assertthat\selenium-shutterbug\0.9\selenium-shutterbug-0.9.jar;C:\Windows\system32\config\systemprofile\.m2\repository\ru\yandex\qatools\ashot\ashot\1.5.4\ashot-1.5.4.jar;C:\Windows\system32\config\systemprofile\.m2\repository\com\google\code\gson\gson\2.6.2\gson-2.6.2.jar;C:\Windows\system32\config\systemprofile\.m2\repository\org\hamcrest\hamcrest-core\1.3\hamcrest-core-1.3.jar;C:\Windows\system32\config\systemprofile\.m2\repository\commons-io\commons-io\2.6\commons-io-2.6.jar;C:\Windows\system32\config\systemprofile\.m2\repository\org\apache\commons\commons-collections4\4.1\commons-collections4-4.1.jar;C:\Windows\system32\config\systemprofile\.m2\repository\org\apache\poi\poi-scratchpad\4.1.2\poi-scratchpad-4.1.2.jar;C:\Windows\system32\config\systemprofile\.m2\repository\org\apache\commons\commons-lang3\3.9\commons-lang3-3.9.jar;C:\Windows\system32\config\systemprofile\.m2\repository\io\github\bonigarcia\webdrivermanager\3.7.1\webdrivermanager-3.7.1.jar;C:\Windows\system32\config\systemprofile\.m2\repository\org\slf4j\slf4j-api\1.7.25\slf4j-api-1.7.25.jar;C:\Windows\system32\config\systemprofile\.m2\repository\org\apache\httpcomponents\httpclient\4.5.6\httpclient-4.5.6.jar;C:\Windows\system32\config\systemprofile\.m2\repository\org\apache\httpcomponents\httpcore\4.4.10\httpcore-4.4.10.jar;C:\Windows\system32\config\systemprofile\.m2\repository\commons-logging\commons-logging\1.2\commons-logging-1.2.jar;C:\Windows\system32\config\systemprofile\.m2\repository\org\rauschig\jarchivelib\1.0.0\jarchivelib-1.0.0.jar;C:\Windows\system32\config\systemprofile\.m2\repository\org\jsoup\jsoup\1.11.3\jsoup-1.11.3.jar;C:\Windows\system32\config\systemprofile\.m2\repository\org\apache\poi\poi\4.1.2\poi-4.1.2.jar;C:\Windows\system32\config\systemprofile\.m2\repository\commons-codec\commons-codec\1.13\commons-codec-1.13.jar;C:\Windows\system32\config\systemprofile\.m2\repository\org\apache\commons\commons-math3\3.6.1\commons-math3-3.6.1.jar;C:\Windows\system32\config\systemprofile\.m2\repository\com\zaxxer\SparseBitSet\1.2\SparseBitSet-1.2.jar;C:\Windows\system32\config\systemprofile\.m2\repository\org\apache\poi\poi-ooxml-schemas\4.1.2\poi-ooxml-schemas-4.1.2.jar;C:\Windows\system32\config\systemprofile\.m2\repository\org\apache\poi\poi-ooxml\4.1.2\poi-ooxml-4.1.2.jar;C:\Windows\system32\config\systemprofile\.m2\repository\org\apache\commons\commons-compress\1.19\commons-compress-1.19.jar;C:\Windows\system32\config\systemprofile\.m2\repository\com\github\virtuald\curvesapi\1.06\curvesapi-1.06.jar;C:\Windows\system32\config\systemprofile\.m2\repository\org\apache\xmlbeans\xmlbeans\3.1.0\xmlbeans-3.1.0.jar;C:\Windows\system32\config\systemprofile\.m2\repository\com\google\guava\guava\30.1.1-jre\guava-30.1.1-jre.jar;C:\Windows\system32\config\systemprofile\.m2\repository\com\google\guava\failureaccess\1.0.1\failureaccess-1.0.1.jar;C:\Windows\system32\config\systemprofile\.m2\repository\com\google\guava\listenablefuture\9999.0-empty-to-avoid-conflict-with-guava\listenablefuture-9999.0-empty-to-avoid-conflict-with-guava.jar;C:\Windows\system32\config\systemprofile\.m2\repository\com\google\code\findbugs\jsr305\3.0.2\jsr305-3.0.2.jar;C:\Windows\system32\config\systemprofile\.m2\repository\org\checkerframework\checker-qual\3.8.0\checker-qual-3.8.0.jar;C:\Windows\system32\config\systemprofile\.m2\repository\com\google\errorprone\error_prone_annotations\2.5.1\error_prone_annotations-2.5.1.jar;C:\Windows\system32\config\systemprofile\.m2\repository\com\google\j2objc\j2objc-annotations\1.3\j2objc-annotations-1.3.jar;C:\Windows\system32\config\systemprofile\.m2\repository\org\apache\maven\plugins\maven-clean-plugin\3.1.0\maven-clean-plugin-3.1.0.jar;C:\Windows\system32\config\systemprofile\.m2\repository\org\apache\maven\maven-plugin-api\3.0\maven-plugin-api-3.0.jar;C:\Windows\system32\config\systemprofile\.m2\repository\org\apache\maven\maven-artifact\3.0\maven-artifact-3.0.jar;C:\Windows\system32\config\systemprofile\.m2\repository\org\sonatype\sisu\sisu-inject-plexus\1.4.2\sisu-inject-plexus-1.4.2.jar;C:\Windows\system32\config\systemprofile\.m2\repository\org\sonatype\sisu\sisu-inject-bean\1.4.2\sisu-inject-bean-1.4.2.jar;C:\Windows\system32\config\systemprofile\.m2\repository\org\sonatype\sisu\sisu-guice\2.1.7\sisu-guice-2.1.7-noaop.jar;C:\Windows\system32\config\systemprofile\.m2\repository\org\apache\maven\shared\maven-shared-utils\3.2.1\maven-shared-utils-3.2.1.jar;C:\Windows\system32\config\systemprofile\.m2\repository\com\relevantcodes\extentreports\2.41.2\extentreports-2.41.2.jar;C:\Windows\system32\config\systemprofile\.m2\repository\org\xerial\sqlite-jdbc\3.8.11.1\sqlite-jdbc-3.8.11.1.jar;C:\Windows\system32\config\systemprofile\.m2\repository\org\freemarker\freemarker\2.3.23\freemarker-2.3.23.jar;C:\Windows\system32\config\systemprofile\.m2\repository\org\mongodb\mongodb-driver\3.0.4\mongodb-driver-3.0.4.jar;C:\Windows\system32\config\systemprofile\.m2\repository\org\mongodb\bson\3.0.4\bson-3.0.4.jar;C:\Windows\system32\config\systemprofile\.m2\repository\org\mongodb\mongodb-driver-core\3.0.4\mongodb-driver-core-3.0.4.jar;C:\Windows\system32\config\systemprofile\.m2\repository\log4j\log4j\1.2.17\log4j-1.2.17.jar;C:\Windows\system32\config\systemprofile\.m2\repository\org\apache\maven\plugins\maven-resources-plugin\3.0.2\maven-resources-plugin-3.0.2.jar;C:\Windows\system32\config\systemprofile\.m2\repository\org\apache\maven\maven-core\3.0\maven-core-3.0.jar;C:\Windows\system32\config\systemprofile\.m2\repository\org\apache\maven\maven-settings\3.0\maven-settings-3.0.jar;C:\Windows\system32\config\systemprofile\.m2\repository\org\apache\maven\maven-settings-builder\3.0\maven-settings-builder-3.0.jar;C:\Windows\system32\config\systemprofile\.m2\repository\org\apache\maven\maven-repository-metadata\3.0\maven-repository-metadata-3.0.jar;C:\Windows\system32\config\systemprofile\.m2\repository\org\apache\maven\maven-model-builder\3.0\maven-model-builder-3.0.jar;C:\Windows\system32\config\systemprofile\.m2\repository\org\apache\maven\maven-aether-provider\3.0\maven-aether-provider-3.0.jar;C:\Windows\system32\config\systemprofile\.m2\repository\org\sonatype\aether\aether-impl\1.7\aether-impl-1.7.jar;C:\Windows\system32\config\systemprofile\.m2\repository\org\sonatype\aether\aether-spi\1.7\aether-spi-1.7.jar;C:\Windows\system32\config\systemprofile\.m2\repository\org\sonatype\aether\aether-api\1.7\aether-api-1.7.jar;C:\Windows\system32\config\systemprofile\.m2\repository\org\sonatype\aether\aether-util\1.7\aether-util-1.7.jar;C:\Windows\system32\config\systemprofile\.m2\repository\org\codehaus\plexus\plexus-classworlds\2.2.3\plexus-classworlds-2.2.3.jar;C:\Windows\system32\config\systemprofile\.m2\repository\org\codehaus\plexus\plexus-component-annotations\1.5.5\plexus-component-annotations-1.5.5.jar;C:\Windows\system32\config\systemprofile\.m2\repository\org\sonatype\plexus\plexus-sec-dispatcher\1.3\plexus-sec-dispatcher-1.3.jar;C:\Windows\system32\config\systemprofile\.m2\repository\org\sonatype\plexus\plexus-cipher\1.4\plexus-cipher-1.4.jar;C:\Windows\system32\config\systemprofile\.m2\repository\org\apache\maven\maven-model\3.0\maven-model-3.0.jar;C:\Windows\system32\config\systemprofile\.m2\repository\org\codehaus\plexus\plexus-utils\3.0.24\plexus-utils-3.0.24.jar;C:\Windows\system32\config\systemprofile\.m2\repository\org\apache\maven\shared\maven-filtering\3.1.1\maven-filtering-3.1.1.jar;C:\Windows\system32\config\systemprofile\.m2\repository\org\sonatype\plexus\plexus-build-api\0.0.7\plexus-build-api-0.0.7.jar;C:\Windows\system32\config\systemprofile\.m2\repository\org\codehaus\plexus\plexus-interpolation\1.24\plexus-interpolation-1.24.jar;C:\Windows\system32\config\systemprofile\.m2\repository\junit\junit\4.11\junit-4.11.jar;"/>
    <property name="sun.cpu.endian" value="little"/>
    <property name="user.home" value="C:\Windows\system32\config\systemprofile"/>
    <property name="user.language" value="en"/>
    <property name="java.specification.vendor" value="Oracle Corporation"/>
    <property name="java.home" value="C:\Program Files\Java\jdk1.8.0_301\jre"/>
    <property name="basedir" value="D:\TravelCounsellors"/>
    <property name="file.separator" value="\"/>
    <property name="line.separator" value="&#10;"/>
    <property name="java.vm.specification.vendor" value="Oracle Corporation"/>
    <property name="java.specification.name" value="Java Platform API Specification"/>
    <property name="java.awt.graphicsenv" value="sun.awt.Win32GraphicsEnvironment"/>
    <property name="sun.boot.class.path" value="C:\Program Files\Java\jdk1.8.0_301\jre\lib\resources.jar;C:\Program Files\Java\jdk1.8.0_301\jre\lib\rt.jar;C:\Program Files\Java\jdk1.8.0_301\jre\lib\sunrsasign.jar;C:\Program Files\Java\jdk1.8.0_301\jre\lib\jsse.jar;C:\Program Files\Java\jdk1.8.0_301\jre\lib\jce.jar;C:\Program Files\Java\jdk1.8.0_301\jre\lib\charsets.jar;C:\Program Files\Java\jdk1.8.0_301\jre\lib\jfr.jar;C:\Program Files\Java\jdk1.8.0_301\jre\classes"/>
    <property name="user.script" value=""/>
    <property name="sun.management.compiler" value="HotSpot 64-Bit Tiered Compilers"/>
    <property name="java.runtime.version" value="1.8.0_301-b09"/>
    <property name="user.name" value="DESKTOP-5F714E5$"/>
    <property name="path.separator" value=";"/>
    <property name="os.version" value="10.0"/>
    <property name="java.endorsed.dirs" value="C:\Program Files\Java\jdk1.8.0_301\jre\lib\endorsed"/>
    <property name="java.runtime.name" value="Java(TM) SE Runtime Environment"/>
    <property name="file.encoding" value="Cp1252"/>
    <property name="guice.disable.misplaced.annotation.check" value="true"/>
    <property name="java.vm.name" value="Java HotSpot(TM) 64-Bit Server VM"/>
    <property name="localRepository" value="C:\Windows\system32\config\systemprofile\.m2\repository"/>
    <property name="java.vendor.url.bug" value="http://bugreport.sun.com/bugreport/"/>
    <property name="java.io.tmpdir" value="C:\Windows\TEMP\"/>
    <property name="java.version" value="1.8.0_301"/>
    <property name="user.dir" value="D:\TravelCounsellors"/>
    <property name="os.arch" value="amd64"/>
    <property name="maven.multiModuleProjectDirectory" value="D:\TravelCounsellors"/>
    <property name="java.vm.specification.name" value="Java Virtual Machine Specification"/>
    <property name="java.awt.printerjob" value="sun.awt.windows.WPrinterJob"/>
    <property name="sun.os.patch.level" value=""/>
    <property name="java.library.path" value="C:\Program Files\Java\jdk1.8.0_301\bin;C:\Windows\Sun\Java\bin;C:\Windows\system32;C:\Windows;/bin;/bin;C:\Windows\system32;C:\Windows;C:\Windows\System32\Wbem;C:\Windows\System32\WindowsPowerShell\v1.0\;C:\Windows\System32\OpenSSH\;C:\Program Files\Microsoft SQL Server\130\Tools\Binn\;C:\Program Files (x86)\NVIDIA Corporation\PhysX\Common;C:\Program Files\NVIDIA Corporation\NVIDIA NvDLISR;C:\Program Files (x86)\Microsoft SQL Server\150\DTS\Binn\;C:\Program Files\Azure Data Studio\bin;C:\Program Files\dotnet\;C:\Program Files\Microsoft SQL Server\Client SDK\ODBC\170\Tools\Binn\;C:\Program Files\Java\jdk1.8.0_301\bin;C:\apache-maven-3.8.2-bin\apache-maven-3.8.2\bin;C:\Program Files (x86)\dotnet\;C:\Program Files\Git\cmd;C:\Windows\system32\config\systemprofile\AppData\Local\Microsoft\WindowsApps;."/>
    <property name="java.vm.info" value="mixed mode"/>
    <property name="java.vendor" value="Oracle Corporation"/>
    <property name="java.vm.version" value="25.301-b09"/>
    <property name="classworlds.conf" value="C:\apache-maven-3.8.2-bin\apache-maven-3.8.2\bin\m2.conf"/>
    <property name="java.ext.dirs" value="C:\Program Files\Java\jdk1.8.0_301\jre\lib\ext;C:\Windows\Sun\Java\lib\ext"/>
    <property name="sun.io.unicode.encoding" value="UnicodeLittle"/>
    <property name="java.class.version" value="52.0"/>
  </properties>
  <testcase name="Scenario3941" classname="TestCases.TC_ID3941" time="107.377"/>
  <testcase name="Scenario3941" classname="TestCases.TC_ID3941" time="0"/>
  <testcase name="Scenario3941" classname="TestCases.TC_ID3941" time="0.001"/>
  <testcase name="Scenario3941" classname="TestCases.TC_ID3941" time="0"/>
  <testcase name="Scenario3941" classname="TestCases.TC_ID3941" time="0.001"/>
  <testcase name="Scenario3941" classname="TestCases.TC_ID3941" time="0.001"/>
  <testcase name="Scenario3941" classname="TestCases.TC_ID3941" time="0.001"/>
  <testcase name="Scenario3941" classname="TestCases.TC_ID3941" time="0"/>
  <testcase name="Scenario3941" classname="TestCases.TC_ID3941" time="0.001"/>
  <testcase name="Scenario3941" classname="TestCases.TC_ID3941" time="0"/>
  <testcase name="Scenario3941" classname="TestCases.TC_ID3941" time="0"/>
  <testcase name="Scenario3941" classname="TestCases.TC_ID3941" time="0.001"/>
  <testcase name="Scenario3941" classname="TestCases.TC_ID3941" time="0.001"/>
  <testcase name="Scenario3941" classname="TestCases.TC_ID3941" time="0.001"/>
  <testcase name="Scenario3941" classname="TestCases.TC_ID3941" time="0.002"/>
  <testcase name="Scenario3941" classname="TestCases.TC_ID3941" time="0.002"/>
  <testcase name="Scenario3941" classname="TestCases.TC_ID3941" time="0"/>
  <testcase name="Scenario3941" classname="TestCases.TC_ID3941" time="0"/>
  <testcase name="Scenario3941" classname="TestCases.TC_ID3941" time="0.001"/>
  <testcase name="Scenario3941" classname="TestCases.TC_ID3941" time="0.002"/>
  <testcase name="Scenario3941" classname="TestCases.TC_ID3941" time="0.001"/>
  <testcase name="Scenario3941" classname="TestCases.TC_ID3941" time="0.001"/>
  <testcase name="Scenario3941" classname="TestCases.TC_ID3941" time="0"/>
  <testcase name="Scenario3941" classname="TestCases.TC_ID3941" time="0.001"/>
  <testcase name="Scenario3941" classname="TestCases.TC_ID3941" time="0"/>
  <testcase name="Scenario3941" classname="TestCases.TC_ID3941" time="0"/>
  <testcase name="Scenario3941" classname="TestCases.TC_ID3941" time="0"/>
  <testcase name="Scenario3941" classname="TestCases.TC_ID3941" time="0"/>
  <testcase name="Scenario3941" classname="TestCases.TC_ID3941" time="0.001"/>
  <testcase name="Scenario3941" classname="TestCases.TC_ID3941" time="0.004"/>
  <testcase name="Scenario3941" classname="TestCases.TC_ID3941" time="0.001"/>
  <testcase name="Scenario3941" classname="TestCases.TC_ID3941" time="0.001"/>
  <testcase name="Scenario3941" classname="TestCases.TC_ID3941" time="0"/>
  <testcase name="Scenario3941" classname="TestCases.TC_ID3941" time="0"/>
  <testcase name="Scenario3941" classname="TestCases.TC_ID3941" time="0.001"/>
  <testcase name="Scenario3941" classname="TestCases.TC_ID3941" time="0.001"/>
  <testcase name="Scenario3941" classname="TestCases.TC_ID3941" time="0"/>
  <testcase name="Scenario3941" classname="TestCases.TC_ID3941" time="0"/>
  <testcase name="Scenario3941" classname="TestCases.TC_ID3941" time="0.001"/>
  <testcase name="Scenario3941" classname="TestCases.TC_ID3941" time="0.001"/>
  <testcase name="Scenario3941" classname="TestCases.TC_ID3941" time="0.001"/>
  <testcase name="Scenario3945" classname="TestCases.TC_ID3945" time="0.001"/>
  <testcase name="Scenario3945" classname="TestCases.TC_ID3945" time="141.468"/>
  <testcase name="Scenario3945" classname="TestCases.TC_ID3945" time="0"/>
  <testcase name="Scenario3945" classname="TestCases.TC_ID3945" time="0"/>
  <testcase name="Scenario3945" classname="TestCases.TC_ID3945" time="0"/>
  <testcase name="Scenario3945" classname="TestCases.TC_ID3945" time="0"/>
  <testcase name="Scenario3945" classname="TestCases.TC_ID3945" time="0"/>
  <testcase name="Scenario3945" classname="TestCases.TC_ID3945" time="0.001"/>
  <testcase name="Scenario3945" classname="TestCases.TC_ID3945" time="0"/>
  <testcase name="Scenario3945" classname="TestCases.TC_ID3945" time="0"/>
  <testcase name="Scenario3945" classname="TestCases.TC_ID3945" time="0"/>
  <testcase name="Scenario3945" classname="TestCases.TC_ID3945" time="0"/>
  <testcase name="Scenario3945" classname="TestCases.TC_ID3945" time="0.001"/>
  <testcase name="Scenario3945" classname="TestCases.TC_ID3945" time="0"/>
  <testcase name="Scenario3945" classname="TestCases.TC_ID3945" time="0"/>
  <testcase name="Scenario3945" classname="TestCases.TC_ID3945" time="0.001"/>
  <testcase name="Scenario3945" classname="TestCases.TC_ID3945" time="0"/>
  <testcase name="Scenario3945" classname="TestCases.TC_ID3945" time="0.001"/>
  <testcase name="Scenario3945" classname="TestCases.TC_ID3945" time="0"/>
  <testcase name="Scenario3945" classname="TestCases.TC_ID3945" time="0"/>
  <testcase name="Scenario3945" classname="TestCases.TC_ID3945" time="0"/>
  <testcase name="Scenario3945" classname="TestCases.TC_ID3945" time="0.001"/>
  <testcase name="Scenario3945" classname="TestCases.TC_ID3945" time="0.001"/>
  <testcase name="Scenario3945" classname="TestCases.TC_ID3945" time="0.001"/>
  <testcase name="Scenario3945" classname="TestCases.TC_ID3945" time="0.001"/>
  <testcase name="Scenario3945" classname="TestCases.TC_ID3945" time="0.001"/>
  <testcase name="Scenario3945" classname="TestCases.TC_ID3945" time="0.001"/>
  <testcase name="Scenario3945" classname="TestCases.TC_ID3945" time="0"/>
  <testcase name="Scenario3945" classname="TestCases.TC_ID3945" time="0.001"/>
  <testcase name="Scenario3945" classname="TestCases.TC_ID3945" time="0.001"/>
  <testcase name="Scenario3945" classname="TestCases.TC_ID3945" time="0.001"/>
  <testcase name="Scenario3945" classname="TestCases.TC_ID3945" time="0.001"/>
  <testcase name="Scenario3945" classname="TestCases.TC_ID3945" time="0.001"/>
  <testcase name="Scenario3945" classname="TestCases.TC_ID3945" time="0.001"/>
  <testcase name="Scenario3945" classname="TestCases.TC_ID3945" time="0.001"/>
  <testcase name="Scenario3945" classname="TestCases.TC_ID3945" time="0.003"/>
  <testcase name="Scenario3945" classname="TestCases.TC_ID3945" time="0.001"/>
  <testcase name="Scenario3945" classname="TestCases.TC_ID3945" time="0.001"/>
  <testcase name="Scenario3945" classname="TestCases.TC_ID3945" time="0.001"/>
  <testcase name="Scenario3945" classname="TestCases.TC_ID3945" time="0.001"/>
  <testcase name="Scenario3945" classname="TestCases.TC_ID3945" time="0"/>
  <testcase name="Scenario1803" classname="TestCases.TC_ID1803" time="0.001"/>
  <testcase name="Scenario1803" classname="TestCases.TC_ID1803" time="0.001"/>
  <testcase name="Scenario1803" classname="TestCases.TC_ID1803" time="23.219"/>
  <testcase name="Scenario1803" classname="TestCases.TC_ID1803" time="0"/>
  <testcase name="Scenario1803" classname="TestCases.TC_ID1803" time="0"/>
  <testcase name="Scenario1803" classname="TestCases.TC_ID1803" time="0"/>
  <testcase name="Scenario1803" classname="TestCases.TC_ID1803" time="0.001"/>
  <testcase name="Scenario1803" classname="TestCases.TC_ID1803" time="0"/>
  <testcase name="Scenario1803" classname="TestCases.TC_ID1803" time="0"/>
  <testcase name="Scenario1803" classname="TestCases.TC_ID1803" time="0.001"/>
  <testcase name="Scenario1803" classname="TestCases.TC_ID1803" time="0"/>
  <testcase name="Scenario1803" classname="TestCases.TC_ID1803" time="0"/>
  <testcase name="Scenario1803" classname="TestCases.TC_ID1803" time="0"/>
  <testcase name="Scenario1803" classname="TestCases.TC_ID1803" time="0"/>
  <testcase name="Scenario1803" classname="TestCases.TC_ID1803" time="0.001"/>
  <testcase name="Scenario1803" classname="TestCases.TC_ID1803" time="0"/>
  <testcase name="Scenario1803" classname="TestCases.TC_ID1803" time="0"/>
  <testcase name="Scenario1803" classname="TestCases.TC_ID1803" time="0"/>
  <testcase name="Scenario1803" classname="TestCases.TC_ID1803" time="0.001"/>
  <testcase name="Scenario1803" classname="TestCases.TC_ID1803" time="0"/>
  <testcase name="Scenario1803" classname="TestCases.TC_ID1803" time="0"/>
  <testcase name="Scenario1803" classname="TestCases.TC_ID1803" time="0.001"/>
  <testcase name="Scenario1803" classname="TestCases.TC_ID1803" time="0.001"/>
  <testcase name="Scenario1803" classname="TestCases.TC_ID1803" time="0"/>
  <testcase name="Scenario1803" classname="TestCases.TC_ID1803" time="0"/>
  <testcase name="Scenario1803" classname="TestCases.TC_ID1803" time="0.001"/>
  <testcase name="Scenario1803" classname="TestCases.TC_ID1803" time="0"/>
  <testcase name="Scenario1803" classname="TestCases.TC_ID1803" time="0.001"/>
  <testcase name="Scenario1803" classname="TestCases.TC_ID1803" time="0.001"/>
  <testcase name="Scenario1803" classname="TestCases.TC_ID1803" time="0"/>
  <testcase name="Scenario1803" classname="TestCases.TC_ID1803" time="0"/>
  <testcase name="Scenario1803" classname="TestCases.TC_ID1803" time="0"/>
  <testcase name="Scenario1803" classname="TestCases.TC_ID1803" time="0"/>
  <testcase name="Scenario1803" classname="TestCases.TC_ID1803" time="0"/>
  <testcase name="Scenario1803" classname="TestCases.TC_ID1803" time="0"/>
  <testcase name="Scenario1803" classname="TestCases.TC_ID1803" time="0"/>
  <testcase name="Scenario1803" classname="TestCases.TC_ID1803" time="0.001"/>
  <testcase name="Scenario1803" classname="TestCases.TC_ID1803" time="0"/>
  <testcase name="Scenario1803" classname="TestCases.TC_ID1803" time="0.001"/>
  <testcase name="Scenario1803" classname="TestCases.TC_ID1803" time="0"/>
  <testcase name="Scenario1803" classname="TestCases.TC_ID1803" time="0.001"/>
  <testcase name="Scenario3971" classname="TestCases.TC_ID3971" time="0.002"/>
  <testcase name="Scenario3971" classname="TestCases.TC_ID3971" time="0"/>
  <testcase name="Scenario3971" classname="TestCases.TC_ID3971" time="0"/>
  <testcase name="Scenario3971" classname="TestCases.TC_ID3971" time="102.102"/>
  <testcase name="Scenario3971" classname="TestCases.TC_ID3971" time="0.001"/>
  <testcase name="Scenario3971" classname="TestCases.TC_ID3971" time="0"/>
  <testcase name="Scenario3971" classname="TestCases.TC_ID3971" time="0"/>
  <testcase name="Scenario3971" classname="TestCases.TC_ID3971" time="0.001"/>
  <testcase name="Scenario3971" classname="TestCases.TC_ID3971" time="0"/>
  <testcase name="Scenario3971" classname="TestCases.TC_ID3971" time="0"/>
  <testcase name="Scenario3971" classname="TestCases.TC_ID3971" time="0.001"/>
  <testcase name="Scenario3971" classname="TestCases.TC_ID3971" time="0"/>
  <testcase name="Scenario3971" classname="TestCases.TC_ID3971" time="0"/>
  <testcase name="Scenario3971" classname="TestCases.TC_ID3971" time="0.001"/>
  <testcase name="Scenario3971" classname="TestCases.TC_ID3971" time="0"/>
  <testcase name="Scenario3971" classname="TestCases.TC_ID3971" time="0.001"/>
  <testcase name="Scenario3971" classname="TestCases.TC_ID3971" time="0.001"/>
  <testcase name="Scenario3971" classname="TestCases.TC_ID3971" time="0"/>
  <testcase name="Scenario3971" classname="TestCases.TC_ID3971" time="0"/>
  <testcase name="Scenario3971" classname="TestCases.TC_ID3971" time="0"/>
  <testcase name="Scenario3971" classname="TestCases.TC_ID3971" time="0.001"/>
  <testcase name="Scenario3971" classname="TestCases.TC_ID3971" time="0"/>
  <testcase name="Scenario3971" classname="TestCases.TC_ID3971" time="0"/>
  <testcase name="Scenario3971" classname="TestCases.TC_ID3971" time="0.001"/>
  <testcase name="Scenario3971" classname="TestCases.TC_ID3971" time="0.001"/>
  <testcase name="Scenario3971" classname="TestCases.TC_ID3971" time="0"/>
  <testcase name="Scenario3971" classname="TestCases.TC_ID3971" time="0"/>
  <testcase name="Scenario3971" classname="TestCases.TC_ID3971" time="0.001"/>
  <testcase name="Scenario3971" classname="TestCases.TC_ID3971" time="0"/>
  <testcase name="Scenario3971" classname="TestCases.TC_ID3971" time="0"/>
  <testcase name="Scenario3971" classname="TestCases.TC_ID3971" time="0"/>
  <testcase name="Scenario3971" classname="TestCases.TC_ID3971" time="0.001"/>
  <testcase name="Scenario3971" classname="TestCases.TC_ID3971" time="0"/>
  <testcase name="Scenario3971" classname="TestCases.TC_ID3971" time="0"/>
  <testcase name="Scenario3971" classname="TestCases.TC_ID3971" time="0"/>
  <testcase name="Scenario3971" classname="TestCases.TC_ID3971" time="0"/>
  <testcase name="Scenario3971" classname="TestCases.TC_ID3971" time="0"/>
  <testcase name="Scenario3971" classname="TestCases.TC_ID3971" time="0"/>
  <testcase name="Scenario3971" classname="TestCases.TC_ID3971" time="0.001"/>
  <testcase name="Scenario3971" classname="TestCases.TC_ID3971" time="0"/>
  <testcase name="Scenario3971" classname="TestCases.TC_ID3971" time="0"/>
  <testcase name="Scenario3972" classname="TestCases.TC_ID3972" time="0.001"/>
  <testcase name="Scenario3972" classname="TestCases.TC_ID3972" time="0"/>
  <testcase name="Scenario3972" classname="TestCases.TC_ID3972" time="0"/>
  <testcase name="Scenario3972" classname="TestCases.TC_ID3972" time="0"/>
  <testcase name="Scenario3972" classname="TestCases.TC_ID3972" time="92.044"/>
  <testcase name="Scenario3972" classname="TestCases.TC_ID3972" time="0"/>
  <testcase name="Scenario3972" classname="TestCases.TC_ID3972" time="0"/>
  <testcase name="Scenario3972" classname="TestCases.TC_ID3972" time="0"/>
  <testcase name="Scenario3972" classname="TestCases.TC_ID3972" time="0"/>
  <testcase name="Scenario3972" classname="TestCases.TC_ID3972" time="0.001"/>
  <testcase name="Scenario3972" classname="TestCases.TC_ID3972" time="0"/>
  <testcase name="Scenario3972" classname="TestCases.TC_ID3972" time="0"/>
  <testcase name="Scenario3972" classname="TestCases.TC_ID3972" time="0"/>
  <testcase name="Scenario3972" classname="TestCases.TC_ID3972" time="0"/>
  <testcase name="Scenario3972" classname="TestCases.TC_ID3972" time="0"/>
  <testcase name="Scenario3972" classname="TestCases.TC_ID3972" time="0.001"/>
  <testcase name="Scenario3972" classname="TestCases.TC_ID3972" time="0.001"/>
  <testcase name="Scenario3972" classname="TestCases.TC_ID3972" time="0"/>
  <testcase name="Scenario3972" classname="TestCases.TC_ID3972" time="0"/>
  <testcase name="Scenario3972" classname="TestCases.TC_ID3972" time="0.001"/>
  <testcase name="Scenario3972" classname="TestCases.TC_ID3972" time="0"/>
  <testcase name="Scenario3972" classname="TestCases.TC_ID3972" time="0.001"/>
  <testcase name="Scenario3972" classname="TestCases.TC_ID3972" time="0"/>
  <testcase name="Scenario3972" classname="TestCases.TC_ID3972" time="0.001"/>
  <testcase name="Scenario3972" classname="TestCases.TC_ID3972" time="0"/>
  <testcase name="Scenario3972" classname="TestCases.TC_ID3972" time="0.001"/>
  <testcase name="Scenario3972" classname="TestCases.TC_ID3972" time="0"/>
  <testcase name="Scenario3972" classname="TestCases.TC_ID3972" time="0.001"/>
  <testcase name="Scenario3972" classname="TestCases.TC_ID3972" time="0"/>
  <testcase name="Scenario3972" classname="TestCases.TC_ID3972" time="0"/>
  <testcase name="Scenario3972" classname="TestCases.TC_ID3972" time="0.001"/>
  <testcase name="Scenario3972" classname="TestCases.TC_ID3972" time="0"/>
  <testcase name="Scenario3972" classname="TestCases.TC_ID3972" time="0.001"/>
  <testcase name="Scenario3972" classname="TestCases.TC_ID3972" time="0"/>
  <testcase name="Scenario3972" classname="TestCases.TC_ID3972" time="0"/>
  <testcase name="Scenario3972" classname="TestCases.TC_ID3972" time="0"/>
  <testcase name="Scenario3972" classname="TestCases.TC_ID3972" time="0"/>
  <testcase name="Scenario3972" classname="TestCases.TC_ID3972" time="0"/>
  <testcase name="Scenario3972" classname="TestCases.TC_ID3972" time="0"/>
  <testcase name="Scenario3972" classname="TestCases.TC_ID3972" time="0.001"/>
  <testcase name="Scenario3972" classname="TestCases.TC_ID3972" time="0"/>
</testsuite>