<?xml version="1.0" encoding="UTF-8"?>
<!-- Generated by org.testng.reporters.JUnitReportReporter -->
<testsuite hostname="DESKTOP-5F714E5" failures="0" tests="77" name="TestCases.TC_ID3971" time="118.375" errors="0" timestamp="2022-01-18T11:14:17 IST" skipped="0">
  <testcase classname="TestCases.TC_ID3971" name="Scenario3971" time="0.001"/>
  <system-out/>
  <testcase classname="TestCases.TC_ID3971" name="Scenario3971" time="0.001"/>
  <system-out/>
  <testcase classname="TestCases.TC_ID3971" name="Scenario3971" time="0.001"/>
  <system-out/>
  <testcase classname="TestCases.TC_ID3971" name="Scenario3971" time="0.001"/>
  <system-out/>
  <testcase classname="TestCases.TC_ID3971" name="Scenario3971" time="0.001"/>
  <system-out/>
  <testcase classname="TestCases.TC_ID3971" name="Scenario3971" time="0.001"/>
  <system-out/>
  <testcase classname="TestCases.TC_ID3971" name="Scenario3971" time="0.001"/>
  <system-out/>
  <testcase classname="TestCases.TC_ID3971" name="Scenario3971" time="0.000"/>
  <system-out/>
  <testcase classname="TestCases.TC_ID3971" name="Scenario3971" time="0.000"/>
  <system-out/>
  <testcase classname="TestCases.TC_ID3971" name="Scenario3971" time="0.001"/>
  <system-out/>
  <testcase classname="TestCases.TC_ID3971" name="Scenario3971" time="0.001"/>
  <system-out/>
  <testcase classname="TestCases.TC_ID3971" name="Scenario3971" time="0.000"/>
  <system-out/>
  <testcase classname="TestCases.TC_ID3971" name="Scenario3971" time="0.001"/>
  <system-out/>
  <testcase classname="TestCases.TC_ID3971" name="Scenario3971" time="0.001"/>
  <system-out/>
  <testcase classname="TestCases.TC_ID3971" name="Scenario3971" time="0.000"/>
  <system-out/>
  <testcase classname="TestCases.TC_ID3971" name="Scenario3971" time="0.010"/>
  <system-out/>
  <testcase classname="TestCases.TC_ID3971" name="Scenario3971" time="0.001"/>
  <system-out/>
  <testcase classname="TestCases.TC_ID3971" name="Scenario3971" time="0.000"/>
  <system-out/>
  <testcase classname="TestCases.TC_ID3971" name="Scenario3971" time="0.001"/>
  <system-out/>
  <testcase classname="TestCases.TC_ID3971" name="Scenario3971" time="0.001"/>
  <system-out/>
  <testcase classname="TestCases.TC_ID3971" name="Scenario3971" time="118.310"/>
  <system-out/>
  <testcase classname="TestCases.TC_ID3971" name="Scenario3971" time="0.000"/>
  <system-out/>
  <testcase classname="TestCases.TC_ID3971" name="Scenario3971" time="0.000"/>
  <system-out/>
  <testcase classname="TestCases.TC_ID3971" name="Scenario3971" time="0.001"/>
  <system-out/>
  <testcase classname="TestCases.TC_ID3971" name="Scenario3971" time="0.001"/>
  <system-out/>
  <testcase classname="TestCases.TC_ID3971" name="Scenario3971" time="0.001"/>
  <system-out/>
  <testcase classname="TestCases.TC_ID3971" name="Scenario3971" time="0.002"/>
  <system-out/>
  <testcase classname="TestCases.TC_ID3971" name="Scenario3971" time="0.001"/>
  <system-out/>
  <testcase classname="TestCases.TC_ID3971" name="Scenario3971" time="0.001"/>
  <system-out/>
  <testcase classname="TestCases.TC_ID3971" name="Scenario3971" time="0.001"/>
  <system-out/>
  <testcase classname="TestCases.TC_ID3971" name="Scenario3971" time="0.000"/>
  <system-out/>
  <testcase classname="TestCases.TC_ID3971" name="Scenario3971" time="0.001"/>
  <system-out/>
  <testcase classname="TestCases.TC_ID3971" name="Scenario3971" time="0.001"/>
  <system-out/>
  <testcase classname="TestCases.TC_ID3971" name="Scenario3971" time="0.001"/>
  <system-out/>
  <testcase classname="TestCases.TC_ID3971" name="Scenario3971" time="0.000"/>
  <system-out/>
  <testcase classname="TestCases.TC_ID3971" name="Scenario3971" time="0.000"/>
  <system-out/>
  <testcase classname="TestCases.TC_ID3971" name="Scenario3971" time="0.001"/>
  <system-out/>
  <testcase classname="TestCases.TC_ID3971" name="Scenario3971" time="0.001"/>
  <system-out/>
  <testcase classname="TestCases.TC_ID3971" name="Scenario3971" time="0.001"/>
  <system-out/>
  <testcase classname="TestCases.TC_ID3971" name="Scenario3971" time="0.000"/>
  <system-out/>
  <testcase classname="TestCases.TC_ID3971" name="Scenario3971" time="0.000"/>
  <system-out/>
  <testcase classname="TestCases.TC_ID3971" name="Scenario3971" time="0.001"/>
  <system-out/>
  <testcase classname="TestCases.TC_ID3971" name="Scenario3971" time="0.001"/>
  <system-out/>
  <testcase classname="TestCases.TC_ID3971" name="Scenario3971" time="0.000"/>
  <system-out/>
  <testcase classname="TestCases.TC_ID3971" name="Scenario3971" time="0.000"/>
  <system-out/>
  <testcase classname="TestCases.TC_ID3971" name="Scenario3971" time="0.000"/>
  <system-out/>
  <testcase classname="TestCases.TC_ID3971" name="Scenario3971" time="0.001"/>
  <system-out/>
  <testcase classname="TestCases.TC_ID3971" name="Scenario3971" time="0.001"/>
  <system-out/>
  <testcase classname="TestCases.TC_ID3971" name="Scenario3971" time="0.001"/>
  <system-out/>
  <testcase classname="TestCases.TC_ID3971" name="Scenario3971" time="0.000"/>
  <system-out/>
  <testcase classname="TestCases.TC_ID3971" name="Scenario3971" time="0.002"/>
  <system-out/>
  <testcase classname="TestCases.TC_ID3971" name="Scenario3971" time="0.001"/>
  <system-out/>
  <testcase classname="TestCases.TC_ID3971" name="Scenario3971" time="0.000"/>
  <system-out/>
  <testcase classname="TestCases.TC_ID3971" name="Scenario3971" time="0.001"/>
  <system-out/>
  <testcase classname="TestCases.TC_ID3971" name="Scenario3971" time="0.001"/>
  <system-out/>
  <testcase classname="TestCases.TC_ID3971" name="Scenario3971" time="0.001"/>
  <system-out/>
  <testcase classname="TestCases.TC_ID3971" name="Scenario3971" time="0.000"/>
  <system-out/>
  <testcase classname="TestCases.TC_ID3971" name="Scenario3971" time="0.001"/>
  <system-out/>
  <testcase classname="TestCases.TC_ID3971" name="Scenario3971" time="0.001"/>
  <system-out/>
  <testcase classname="TestCases.TC_ID3971" name="Scenario3971" time="0.001"/>
  <system-out/>
  <testcase classname="TestCases.TC_ID3971" name="Scenario3971" time="0.001"/>
  <system-out/>
  <testcase classname="TestCases.TC_ID3971" name="Scenario3971" time="0.001"/>
  <system-out/>
  <testcase classname="TestCases.TC_ID3971" name="Scenario3971" time="0.000"/>
  <system-out/>
  <testcase classname="TestCases.TC_ID3971" name="Scenario3971" time="0.001"/>
  <system-out/>
  <testcase classname="TestCases.TC_ID3971" name="Scenario3971" time="0.001"/>
  <system-out/>
  <testcase classname="TestCases.TC_ID3971" name="Scenario3971" time="0.001"/>
  <system-out/>
  <testcase classname="TestCases.TC_ID3971" name="Scenario3971" time="0.001"/>
  <system-out/>
  <testcase classname="TestCases.TC_ID3971" name="Scenario3971" time="0.000"/>
  <system-out/>
  <testcase classname="TestCases.TC_ID3971" name="Scenario3971" time="0.001"/>
  <system-out/>
  <testcase classname="TestCases.TC_ID3971" name="Scenario3971" time="0.000"/>
  <system-out/>
  <testcase classname="TestCases.TC_ID3971" name="Scenario3971" time="0.001"/>
  <system-out/>
  <testcase classname="TestCases.TC_ID3971" name="Scenario3971" time="0.001"/>
  <system-out/>
  <testcase classname="TestCases.TC_ID3971" name="Scenario3971" time="0.001"/>
  <system-out/>
  <testcase classname="TestCases.TC_ID3971" name="Scenario3971" time="0.001"/>
  <system-out/>
  <testcase classname="TestCases.TC_ID3971" name="Scenario3971" time="0.001"/>
  <system-out/>
  <testcase classname="TestCases.TC_ID3971" name="Scenario3971" time="0.001"/>
  <system-out/>
  <testcase classname="TestCases.TC_ID3971" name="Scenario3971" time="0.000"/>
  <system-out/>
</testsuite> <!-- TestCases.TC_ID3971 -->
