<?xml version="1.0" encoding="UTF-8"?>
<!-- Generated by org.testng.reporters.JUnitReportReporter -->
<testsuite hostname="DESKTOP-5F714E5" failures="0" tests="77" name="TestCases.TC_ID6126" time="53.676" errors="0" timestamp="2022-01-18T15:36:23 IST" skipped="0">
  <testcase classname="TestCases.TC_ID6126" name="Scenario6126" time="0.003"/>
  <system-out/>
  <testcase classname="TestCases.TC_ID6126" name="Scenario6126" time="0.002"/>
  <system-out/>
  <testcase classname="TestCases.TC_ID6126" name="Scenario6126" time="0.001"/>
  <system-out/>
  <testcase classname="TestCases.TC_ID6126" name="Scenario6126" time="0.007"/>
  <system-out/>
  <testcase classname="TestCases.TC_ID6126" name="Scenario6126" time="0.004"/>
  <system-out/>
  <testcase classname="TestCases.TC_ID6126" name="Scenario6126" time="0.003"/>
  <system-out/>
  <testcase classname="TestCases.TC_ID6126" name="Scenario6126" time="0.003"/>
  <system-out/>
  <testcase classname="TestCases.TC_ID6126" name="Scenario6126" time="0.002"/>
  <system-out/>
  <testcase classname="TestCases.TC_ID6126" name="Scenario6126" time="0.003"/>
  <system-out/>
  <testcase classname="TestCases.TC_ID6126" name="Scenario6126" time="0.014"/>
  <system-out/>
  <testcase classname="TestCases.TC_ID6126" name="Scenario6126" time="0.002"/>
  <system-out/>
  <testcase classname="TestCases.TC_ID6126" name="Scenario6126" time="0.002"/>
  <system-out/>
  <testcase classname="TestCases.TC_ID6126" name="Scenario6126" time="0.002"/>
  <system-out/>
  <testcase classname="TestCases.TC_ID6126" name="Scenario6126" time="0.009"/>
  <system-out/>
  <testcase classname="TestCases.TC_ID6126" name="Scenario6126" time="0.004"/>
  <system-out/>
  <testcase classname="TestCases.TC_ID6126" name="Scenario6126" time="0.004"/>
  <system-out/>
  <testcase classname="TestCases.TC_ID6126" name="Scenario6126" time="0.011"/>
  <system-out/>
  <testcase classname="TestCases.TC_ID6126" name="Scenario6126" time="0.003"/>
  <system-out/>
  <testcase classname="TestCases.TC_ID6126" name="Scenario6126" time="0.002"/>
  <system-out/>
  <testcase classname="TestCases.TC_ID6126" name="Scenario6126" time="0.003"/>
  <system-out/>
  <testcase classname="TestCases.TC_ID6126" name="Scenario6126" time="0.002"/>
  <system-out/>
  <testcase classname="TestCases.TC_ID6126" name="Scenario6126" time="0.002"/>
  <system-out/>
  <testcase classname="TestCases.TC_ID6126" name="Scenario6126" time="0.009"/>
  <system-out/>
  <testcase classname="TestCases.TC_ID6126" name="Scenario6126" time="0.001"/>
  <system-out/>
  <testcase classname="TestCases.TC_ID6126" name="Scenario6126" time="0.003"/>
  <system-out/>
  <testcase classname="TestCases.TC_ID6126" name="Scenario6126" time="0.003"/>
  <system-out/>
  <testcase classname="TestCases.TC_ID6126" name="Scenario6126" time="0.001"/>
  <system-out/>
  <testcase classname="TestCases.TC_ID6126" name="Scenario6126" time="0.002"/>
  <system-out/>
  <testcase classname="TestCases.TC_ID6126" name="Scenario6126" time="0.003"/>
  <system-out/>
  <testcase classname="TestCases.TC_ID6126" name="Scenario6126" time="0.006"/>
  <system-out/>
  <testcase classname="TestCases.TC_ID6126" name="Scenario6126" time="0.003"/>
  <system-out/>
  <testcase classname="TestCases.TC_ID6126" name="Scenario6126" time="0.002"/>
  <system-out/>
  <testcase classname="TestCases.TC_ID6126" name="Scenario6126" time="0.003"/>
  <system-out/>
  <testcase classname="TestCases.TC_ID6126" name="Scenario6126" time="0.003"/>
  <system-out/>
  <testcase classname="TestCases.TC_ID6126" name="Scenario6126" time="0.009"/>
  <system-out/>
  <testcase classname="TestCases.TC_ID6126" name="Scenario6126" time="0.001"/>
  <system-out/>
  <testcase classname="TestCases.TC_ID6126" name="Scenario6126" time="0.004"/>
  <system-out/>
  <testcase classname="TestCases.TC_ID6126" name="Scenario6126" time="0.006"/>
  <system-out/>
  <testcase classname="TestCases.TC_ID6126" name="Scenario6126" time="0.003"/>
  <system-out/>
  <testcase classname="TestCases.TC_ID6126" name="Scenario6126" time="0.006"/>
  <system-out/>
  <testcase classname="TestCases.TC_ID6126" name="Scenario6126" time="0.003"/>
  <system-out/>
  <testcase classname="TestCases.TC_ID6126" name="Scenario6126" time="0.005"/>
  <system-out/>
  <testcase classname="TestCases.TC_ID6126" name="Scenario6126" time="0.003"/>
  <system-out/>
  <testcase classname="TestCases.TC_ID6126" name="Scenario6126" time="0.007"/>
  <system-out/>
  <testcase classname="TestCases.TC_ID6126" name="Scenario6126" time="0.004"/>
  <system-out/>
  <testcase classname="TestCases.TC_ID6126" name="Scenario6126" time="0.008"/>
  <system-out/>
  <testcase classname="TestCases.TC_ID6126" name="Scenario6126" time="0.007"/>
  <system-out/>
  <testcase classname="TestCases.TC_ID6126" name="Scenario6126" time="53.344"/>
  <system-out/>
  <testcase classname="TestCases.TC_ID6126" name="Scenario6126" time="0.006"/>
  <system-out/>
  <testcase classname="TestCases.TC_ID6126" name="Scenario6126" time="0.006"/>
  <system-out/>
  <testcase classname="TestCases.TC_ID6126" name="Scenario6126" time="0.002"/>
  <system-out/>
  <testcase classname="TestCases.TC_ID6126" name="Scenario6126" time="0.005"/>
  <system-out/>
  <testcase classname="TestCases.TC_ID6126" name="Scenario6126" time="0.004"/>
  <system-out/>
  <testcase classname="TestCases.TC_ID6126" name="Scenario6126" time="0.002"/>
  <system-out/>
  <testcase classname="TestCases.TC_ID6126" name="Scenario6126" time="0.018"/>
  <system-out/>
  <testcase classname="TestCases.TC_ID6126" name="Scenario6126" time="0.006"/>
  <system-out/>
  <testcase classname="TestCases.TC_ID6126" name="Scenario6126" time="0.004"/>
  <system-out/>
  <testcase classname="TestCases.TC_ID6126" name="Scenario6126" time="0.003"/>
  <system-out/>
  <testcase classname="TestCases.TC_ID6126" name="Scenario6126" time="0.002"/>
  <system-out/>
  <testcase classname="TestCases.TC_ID6126" name="Scenario6126" time="0.004"/>
  <system-out/>
  <testcase classname="TestCases.TC_ID6126" name="Scenario6126" time="0.002"/>
  <system-out/>
  <testcase classname="TestCases.TC_ID6126" name="Scenario6126" time="0.004"/>
  <system-out/>
  <testcase classname="TestCases.TC_ID6126" name="Scenario6126" time="0.002"/>
  <system-out/>
  <testcase classname="TestCases.TC_ID6126" name="Scenario6126" time="0.002"/>
  <system-out/>
  <testcase classname="TestCases.TC_ID6126" name="Scenario6126" time="0.004"/>
  <system-out/>
  <testcase classname="TestCases.TC_ID6126" name="Scenario6126" time="0.006"/>
  <system-out/>
  <testcase classname="TestCases.TC_ID6126" name="Scenario6126" time="0.005"/>
  <system-out/>
  <testcase classname="TestCases.TC_ID6126" name="Scenario6126" time="0.008"/>
  <system-out/>
  <testcase classname="TestCases.TC_ID6126" name="Scenario6126" time="0.001"/>
  <system-out/>
  <testcase classname="TestCases.TC_ID6126" name="Scenario6126" time="0.002"/>
  <system-out/>
  <testcase classname="TestCases.TC_ID6126" name="Scenario6126" time="0.007"/>
  <system-out/>
  <testcase classname="TestCases.TC_ID6126" name="Scenario6126" time="0.017"/>
  <system-out/>
  <testcase classname="TestCases.TC_ID6126" name="Scenario6126" time="0.003"/>
  <system-out/>
  <testcase classname="TestCases.TC_ID6126" name="Scenario6126" time="0.003"/>
  <system-out/>
  <testcase classname="TestCases.TC_ID6126" name="Scenario6126" time="0.001"/>
  <system-out/>
  <testcase classname="TestCases.TC_ID6126" name="Scenario6126" time="0.005"/>
  <system-out/>
  <testcase classname="TestCases.TC_ID6126" name="Scenario6126" time="0.005"/>
  <system-out/>
</testsuite> <!-- TestCases.TC_ID6126 -->
