<?xml version="1.0" encoding="UTF-8"?>
<!-- Generated by org.testng.reporters.JUnitReportReporter -->
<testsuite hostname="DESKTOP-5F714E5" failures="0" tests="1" name="TestCases.TC_ID6093" time="12.376" errors="0" timestamp="2022-01-18T13:26:28 IST" skipped="0">
  <testcase classname="TestCases.TC_ID6093" name="Scenario6093" time="12.376"/>
  <system-out/>
</testsuite> <!-- TestCases.TC_ID6093 -->
