<?xml version="1.0" encoding="UTF-8"?>
<!-- Generated by org.testng.reporters.JUnitReportReporter -->
<testsuite hostname="DESKTOP-5F714E5" failures="0" tests="77" name="TestCases.TC_ID6128" time="56.858" errors="0" timestamp="2022-01-18T11:14:17 IST" skipped="0">
  <testcase classname="TestCases.TC_ID6128" name="Scenario6128" time="0.001"/>
  <system-out/>
  <testcase classname="TestCases.TC_ID6128" name="Scenario6128" time="0.000"/>
  <system-out/>
  <testcase classname="TestCases.TC_ID6128" name="Scenario6128" time="0.000"/>
  <system-out/>
  <testcase classname="TestCases.TC_ID6128" name="Scenario6128" time="0.000"/>
  <system-out/>
  <testcase classname="TestCases.TC_ID6128" name="Scenario6128" time="0.001"/>
  <system-out/>
  <testcase classname="TestCases.TC_ID6128" name="Scenario6128" time="0.000"/>
  <system-out/>
  <testcase classname="TestCases.TC_ID6128" name="Scenario6128" time="0.000"/>
  <system-out/>
  <testcase classname="TestCases.TC_ID6128" name="Scenario6128" time="0.000"/>
  <system-out/>
  <testcase classname="TestCases.TC_ID6128" name="Scenario6128" time="0.000"/>
  <system-out/>
  <testcase classname="TestCases.TC_ID6128" name="Scenario6128" time="0.001"/>
  <system-out/>
  <testcase classname="TestCases.TC_ID6128" name="Scenario6128" time="0.000"/>
  <system-out/>
  <testcase classname="TestCases.TC_ID6128" name="Scenario6128" time="0.001"/>
  <system-out/>
  <testcase classname="TestCases.TC_ID6128" name="Scenario6128" time="0.001"/>
  <system-out/>
  <testcase classname="TestCases.TC_ID6128" name="Scenario6128" time="0.000"/>
  <system-out/>
  <testcase classname="TestCases.TC_ID6128" name="Scenario6128" time="0.001"/>
  <system-out/>
  <testcase classname="TestCases.TC_ID6128" name="Scenario6128" time="0.000"/>
  <system-out/>
  <testcase classname="TestCases.TC_ID6128" name="Scenario6128" time="0.001"/>
  <system-out/>
  <testcase classname="TestCases.TC_ID6128" name="Scenario6128" time="0.001"/>
  <system-out/>
  <testcase classname="TestCases.TC_ID6128" name="Scenario6128" time="0.001"/>
  <system-out/>
  <testcase classname="TestCases.TC_ID6128" name="Scenario6128" time="0.000"/>
  <system-out/>
  <testcase classname="TestCases.TC_ID6128" name="Scenario6128" time="0.000"/>
  <system-out/>
  <testcase classname="TestCases.TC_ID6128" name="Scenario6128" time="0.000"/>
  <system-out/>
  <testcase classname="TestCases.TC_ID6128" name="Scenario6128" time="0.000"/>
  <system-out/>
  <testcase classname="TestCases.TC_ID6128" name="Scenario6128" time="0.001"/>
  <system-out/>
  <testcase classname="TestCases.TC_ID6128" name="Scenario6128" time="0.000"/>
  <system-out/>
  <testcase classname="TestCases.TC_ID6128" name="Scenario6128" time="0.001"/>
  <system-out/>
  <testcase classname="TestCases.TC_ID6128" name="Scenario6128" time="0.000"/>
  <system-out/>
  <testcase classname="TestCases.TC_ID6128" name="Scenario6128" time="0.001"/>
  <system-out/>
  <testcase classname="TestCases.TC_ID6128" name="Scenario6128" time="0.000"/>
  <system-out/>
  <testcase classname="TestCases.TC_ID6128" name="Scenario6128" time="0.000"/>
  <system-out/>
  <testcase classname="TestCases.TC_ID6128" name="Scenario6128" time="0.001"/>
  <system-out/>
  <testcase classname="TestCases.TC_ID6128" name="Scenario6128" time="0.001"/>
  <system-out/>
  <testcase classname="TestCases.TC_ID6128" name="Scenario6128" time="0.000"/>
  <system-out/>
  <testcase classname="TestCases.TC_ID6128" name="Scenario6128" time="0.000"/>
  <system-out/>
  <testcase classname="TestCases.TC_ID6128" name="Scenario6128" time="0.001"/>
  <system-out/>
  <testcase classname="TestCases.TC_ID6128" name="Scenario6128" time="0.000"/>
  <system-out/>
  <testcase classname="TestCases.TC_ID6128" name="Scenario6128" time="0.001"/>
  <system-out/>
  <testcase classname="TestCases.TC_ID6128" name="Scenario6128" time="0.000"/>
  <system-out/>
  <testcase classname="TestCases.TC_ID6128" name="Scenario6128" time="0.000"/>
  <system-out/>
  <testcase classname="TestCases.TC_ID6128" name="Scenario6128" time="0.000"/>
  <system-out/>
  <testcase classname="TestCases.TC_ID6128" name="Scenario6128" time="0.000"/>
  <system-out/>
  <testcase classname="TestCases.TC_ID6128" name="Scenario6128" time="0.000"/>
  <system-out/>
  <testcase classname="TestCases.TC_ID6128" name="Scenario6128" time="0.008"/>
  <system-out/>
  <testcase classname="TestCases.TC_ID6128" name="Scenario6128" time="0.001"/>
  <system-out/>
  <testcase classname="TestCases.TC_ID6128" name="Scenario6128" time="0.000"/>
  <system-out/>
  <testcase classname="TestCases.TC_ID6128" name="Scenario6128" time="0.001"/>
  <system-out/>
  <testcase classname="TestCases.TC_ID6128" name="Scenario6128" time="0.000"/>
  <system-out/>
  <testcase classname="TestCases.TC_ID6128" name="Scenario6128" time="0.000"/>
  <system-out/>
  <testcase classname="TestCases.TC_ID6128" name="Scenario6128" time="0.001"/>
  <system-out/>
  <testcase classname="TestCases.TC_ID6128" name="Scenario6128" time="0.000"/>
  <system-out/>
  <testcase classname="TestCases.TC_ID6128" name="Scenario6128" time="0.000"/>
  <system-out/>
  <testcase classname="TestCases.TC_ID6128" name="Scenario6128" time="0.000"/>
  <system-out/>
  <testcase classname="TestCases.TC_ID6128" name="Scenario6128" time="0.000"/>
  <system-out/>
  <testcase classname="TestCases.TC_ID6128" name="Scenario6128" time="0.000"/>
  <system-out/>
  <testcase classname="TestCases.TC_ID6128" name="Scenario6128" time="0.001"/>
  <system-out/>
  <testcase classname="TestCases.TC_ID6128" name="Scenario6128" time="0.001"/>
  <system-out/>
  <testcase classname="TestCases.TC_ID6128" name="Scenario6128" time="0.001"/>
  <system-out/>
  <testcase classname="TestCases.TC_ID6128" name="Scenario6128" time="0.001"/>
  <system-out/>
  <testcase classname="TestCases.TC_ID6128" name="Scenario6128" time="0.001"/>
  <system-out/>
  <testcase classname="TestCases.TC_ID6128" name="Scenario6128" time="0.000"/>
  <system-out/>
  <testcase classname="TestCases.TC_ID6128" name="Scenario6128" time="0.001"/>
  <system-out/>
  <testcase classname="TestCases.TC_ID6128" name="Scenario6128" time="0.001"/>
  <system-out/>
  <testcase classname="TestCases.TC_ID6128" name="Scenario6128" time="0.000"/>
  <system-out/>
  <testcase classname="TestCases.TC_ID6128" name="Scenario6128" time="0.001"/>
  <system-out/>
  <testcase classname="TestCases.TC_ID6128" name="Scenario6128" time="0.001"/>
  <system-out/>
  <testcase classname="TestCases.TC_ID6128" name="Scenario6128" time="0.000"/>
  <system-out/>
  <testcase classname="TestCases.TC_ID6128" name="Scenario6128" time="0.001"/>
  <system-out/>
  <testcase classname="TestCases.TC_ID6128" name="Scenario6128" time="0.000"/>
  <system-out/>
  <testcase classname="TestCases.TC_ID6128" name="Scenario6128" time="0.000"/>
  <system-out/>
  <testcase classname="TestCases.TC_ID6128" name="Scenario6128" time="0.000"/>
  <system-out/>
  <testcase classname="TestCases.TC_ID6128" name="Scenario6128" time="0.000"/>
  <system-out/>
  <testcase classname="TestCases.TC_ID6128" name="Scenario6128" time="0.001"/>
  <system-out/>
  <testcase classname="TestCases.TC_ID6128" name="Scenario6128" time="0.001"/>
  <system-out/>
  <testcase classname="TestCases.TC_ID6128" name="Scenario6128" time="0.000"/>
  <system-out/>
  <testcase classname="TestCases.TC_ID6128" name="Scenario6128" time="56.819"/>
  <system-out/>
  <testcase classname="TestCases.TC_ID6128" name="Scenario6128" time="0.000"/>
  <system-out/>
  <testcase classname="TestCases.TC_ID6128" name="Scenario6128" time="0.000"/>
  <system-out/>
</testsuite> <!-- TestCases.TC_ID6128 -->
