<?xml version="1.0" encoding="UTF-8"?>
<!-- Generated by org.testng.reporters.JUnitReportReporter -->
<testsuite hostname="DESKTOP-5F714E5" failures="0" tests="77" name="TestCases.TC_ID1826" time="16.382" errors="0" timestamp="2022-01-18T11:14:17 IST" skipped="0">
  <testcase classname="TestCases.TC_ID1826" name="Scenario1826" time="0.000"/>
  <system-out/>
  <testcase classname="TestCases.TC_ID1826" name="Scenario1826" time="0.000"/>
  <system-out/>
  <testcase classname="TestCases.TC_ID1826" name="Scenario1826" time="0.000"/>
  <system-out/>
  <testcase classname="TestCases.TC_ID1826" name="Scenario1826" time="0.001"/>
  <system-out/>
  <testcase classname="TestCases.TC_ID1826" name="Scenario1826" time="0.000"/>
  <system-out/>
  <testcase classname="TestCases.TC_ID1826" name="Scenario1826" time="0.001"/>
  <system-out/>
  <testcase classname="TestCases.TC_ID1826" name="Scenario1826" time="0.000"/>
  <system-out/>
  <testcase classname="TestCases.TC_ID1826" name="Scenario1826" time="0.001"/>
  <system-out/>
  <testcase classname="TestCases.TC_ID1826" name="Scenario1826" time="0.001"/>
  <system-out/>
  <testcase classname="TestCases.TC_ID1826" name="Scenario1826" time="0.000"/>
  <system-out/>
  <testcase classname="TestCases.TC_ID1826" name="Scenario1826" time="0.000"/>
  <system-out/>
  <testcase classname="TestCases.TC_ID1826" name="Scenario1826" time="0.001"/>
  <system-out/>
  <testcase classname="TestCases.TC_ID1826" name="Scenario1826" time="0.001"/>
  <system-out/>
  <testcase classname="TestCases.TC_ID1826" name="Scenario1826" time="0.001"/>
  <system-out/>
  <testcase classname="TestCases.TC_ID1826" name="Scenario1826" time="0.001"/>
  <system-out/>
  <testcase classname="TestCases.TC_ID1826" name="Scenario1826" time="0.000"/>
  <system-out/>
  <testcase classname="TestCases.TC_ID1826" name="Scenario1826" time="0.000"/>
  <system-out/>
  <testcase classname="TestCases.TC_ID1826" name="Scenario1826" time="0.000"/>
  <system-out/>
  <testcase classname="TestCases.TC_ID1826" name="Scenario1826" time="0.001"/>
  <system-out/>
  <testcase classname="TestCases.TC_ID1826" name="Scenario1826" time="0.001"/>
  <system-out/>
  <testcase classname="TestCases.TC_ID1826" name="Scenario1826" time="0.001"/>
  <system-out/>
  <testcase classname="TestCases.TC_ID1826" name="Scenario1826" time="0.000"/>
  <system-out/>
  <testcase classname="TestCases.TC_ID1826" name="Scenario1826" time="0.001"/>
  <system-out/>
  <testcase classname="TestCases.TC_ID1826" name="Scenario1826" time="0.018"/>
  <system-out/>
  <testcase classname="TestCases.TC_ID1826" name="Scenario1826" time="16.325"/>
  <system-out/>
  <testcase classname="TestCases.TC_ID1826" name="Scenario1826" time="0.001"/>
  <system-out/>
  <testcase classname="TestCases.TC_ID1826" name="Scenario1826" time="0.000"/>
  <system-out/>
  <testcase classname="TestCases.TC_ID1826" name="Scenario1826" time="0.001"/>
  <system-out/>
  <testcase classname="TestCases.TC_ID1826" name="Scenario1826" time="0.001"/>
  <system-out/>
  <testcase classname="TestCases.TC_ID1826" name="Scenario1826" time="0.000"/>
  <system-out/>
  <testcase classname="TestCases.TC_ID1826" name="Scenario1826" time="0.000"/>
  <system-out/>
  <testcase classname="TestCases.TC_ID1826" name="Scenario1826" time="0.001"/>
  <system-out/>
  <testcase classname="TestCases.TC_ID1826" name="Scenario1826" time="0.001"/>
  <system-out/>
  <testcase classname="TestCases.TC_ID1826" name="Scenario1826" time="0.001"/>
  <system-out/>
  <testcase classname="TestCases.TC_ID1826" name="Scenario1826" time="0.000"/>
  <system-out/>
  <testcase classname="TestCases.TC_ID1826" name="Scenario1826" time="0.001"/>
  <system-out/>
  <testcase classname="TestCases.TC_ID1826" name="Scenario1826" time="0.000"/>
  <system-out/>
  <testcase classname="TestCases.TC_ID1826" name="Scenario1826" time="0.001"/>
  <system-out/>
  <testcase classname="TestCases.TC_ID1826" name="Scenario1826" time="0.001"/>
  <system-out/>
  <testcase classname="TestCases.TC_ID1826" name="Scenario1826" time="0.001"/>
  <system-out/>
  <testcase classname="TestCases.TC_ID1826" name="Scenario1826" time="0.001"/>
  <system-out/>
  <testcase classname="TestCases.TC_ID1826" name="Scenario1826" time="0.000"/>
  <system-out/>
  <testcase classname="TestCases.TC_ID1826" name="Scenario1826" time="0.000"/>
  <system-out/>
  <testcase classname="TestCases.TC_ID1826" name="Scenario1826" time="0.000"/>
  <system-out/>
  <testcase classname="TestCases.TC_ID1826" name="Scenario1826" time="0.000"/>
  <system-out/>
  <testcase classname="TestCases.TC_ID1826" name="Scenario1826" time="0.000"/>
  <system-out/>
  <testcase classname="TestCases.TC_ID1826" name="Scenario1826" time="0.000"/>
  <system-out/>
  <testcase classname="TestCases.TC_ID1826" name="Scenario1826" time="0.001"/>
  <system-out/>
  <testcase classname="TestCases.TC_ID1826" name="Scenario1826" time="0.001"/>
  <system-out/>
  <testcase classname="TestCases.TC_ID1826" name="Scenario1826" time="0.001"/>
  <system-out/>
  <testcase classname="TestCases.TC_ID1826" name="Scenario1826" time="0.000"/>
  <system-out/>
  <testcase classname="TestCases.TC_ID1826" name="Scenario1826" time="0.001"/>
  <system-out/>
  <testcase classname="TestCases.TC_ID1826" name="Scenario1826" time="0.001"/>
  <system-out/>
  <testcase classname="TestCases.TC_ID1826" name="Scenario1826" time="0.000"/>
  <system-out/>
  <testcase classname="TestCases.TC_ID1826" name="Scenario1826" time="0.001"/>
  <system-out/>
  <testcase classname="TestCases.TC_ID1826" name="Scenario1826" time="0.001"/>
  <system-out/>
  <testcase classname="TestCases.TC_ID1826" name="Scenario1826" time="0.000"/>
  <system-out/>
  <testcase classname="TestCases.TC_ID1826" name="Scenario1826" time="0.000"/>
  <system-out/>
  <testcase classname="TestCases.TC_ID1826" name="Scenario1826" time="0.001"/>
  <system-out/>
  <testcase classname="TestCases.TC_ID1826" name="Scenario1826" time="0.001"/>
  <system-out/>
  <testcase classname="TestCases.TC_ID1826" name="Scenario1826" time="0.001"/>
  <system-out/>
  <testcase classname="TestCases.TC_ID1826" name="Scenario1826" time="0.000"/>
  <system-out/>
  <testcase classname="TestCases.TC_ID1826" name="Scenario1826" time="0.000"/>
  <system-out/>
  <testcase classname="TestCases.TC_ID1826" name="Scenario1826" time="0.000"/>
  <system-out/>
  <testcase classname="TestCases.TC_ID1826" name="Scenario1826" time="0.001"/>
  <system-out/>
  <testcase classname="TestCases.TC_ID1826" name="Scenario1826" time="0.001"/>
  <system-out/>
  <testcase classname="TestCases.TC_ID1826" name="Scenario1826" time="0.000"/>
  <system-out/>
  <testcase classname="TestCases.TC_ID1826" name="Scenario1826" time="0.001"/>
  <system-out/>
  <testcase classname="TestCases.TC_ID1826" name="Scenario1826" time="0.001"/>
  <system-out/>
  <testcase classname="TestCases.TC_ID1826" name="Scenario1826" time="0.001"/>
  <system-out/>
  <testcase classname="TestCases.TC_ID1826" name="Scenario1826" time="0.000"/>
  <system-out/>
  <testcase classname="TestCases.TC_ID1826" name="Scenario1826" time="0.000"/>
  <system-out/>
  <testcase classname="TestCases.TC_ID1826" name="Scenario1826" time="0.000"/>
  <system-out/>
  <testcase classname="TestCases.TC_ID1826" name="Scenario1826" time="0.000"/>
  <system-out/>
  <testcase classname="TestCases.TC_ID1826" name="Scenario1826" time="0.001"/>
  <system-out/>
  <testcase classname="TestCases.TC_ID1826" name="Scenario1826" time="0.000"/>
  <system-out/>
  <testcase classname="TestCases.TC_ID1826" name="Scenario1826" time="0.000"/>
  <system-out/>
</testsuite> <!-- TestCases.TC_ID1826 -->
