<?xml version="1.0" encoding="UTF-8"?>
<!-- Generated by org.testng.reporters.JUnitReportReporter -->
<testsuite hostname="DESKTOP-5F714E5" failures="0" tests="77" name="TestCases.TC_ID1693" time="33.225" errors="0" timestamp="2022-01-18T11:14:17 IST" skipped="0">
  <testcase classname="TestCases.TC_ID1693" name="Scenario1693" time="0.147"/>
  <system-out/>
  <testcase classname="TestCases.TC_ID1693" name="Scenario1693" time="0.149"/>
  <system-out/>
  <testcase classname="TestCases.TC_ID1693" name="Scenario1693" time="0.167"/>
  <system-out/>
  <testcase classname="TestCases.TC_ID1693" name="Scenario1693" time="0.145"/>
  <system-out/>
  <testcase classname="TestCases.TC_ID1693" name="Scenario1693" time="0.190"/>
  <system-out/>
  <testcase classname="TestCases.TC_ID1693" name="Scenario1693" time="0.147"/>
  <system-out/>
  <testcase classname="TestCases.TC_ID1693" name="Scenario1693" time="0.144"/>
  <system-out/>
  <testcase classname="TestCases.TC_ID1693" name="Scenario1693" time="0.164"/>
  <system-out/>
  <testcase classname="TestCases.TC_ID1693" name="Scenario1693" time="0.139"/>
  <system-out/>
  <testcase classname="TestCases.TC_ID1693" name="Scenario1693" time="0.159"/>
  <system-out/>
  <testcase classname="TestCases.TC_ID1693" name="Scenario1693" time="0.151"/>
  <system-out/>
  <testcase classname="TestCases.TC_ID1693" name="Scenario1693" time="0.150"/>
  <system-out/>
  <testcase classname="TestCases.TC_ID1693" name="Scenario1693" time="0.149"/>
  <system-out/>
  <testcase classname="TestCases.TC_ID1693" name="Scenario1693" time="0.160"/>
  <system-out/>
  <testcase classname="TestCases.TC_ID1693" name="Scenario1693" time="0.150"/>
  <system-out/>
  <testcase classname="TestCases.TC_ID1693" name="Scenario1693" time="0.146"/>
  <system-out/>
  <testcase classname="TestCases.TC_ID1693" name="Scenario1693" time="0.160"/>
  <system-out/>
  <testcase classname="TestCases.TC_ID1693" name="Scenario1693" time="0.144"/>
  <system-out/>
  <testcase classname="TestCases.TC_ID1693" name="Scenario1693" time="0.166"/>
  <system-out/>
  <testcase classname="TestCases.TC_ID1693" name="Scenario1693" time="0.141"/>
  <system-out/>
  <testcase classname="TestCases.TC_ID1693" name="Scenario1693" time="0.144"/>
  <system-out/>
  <testcase classname="TestCases.TC_ID1693" name="Scenario1693" time="0.142"/>
  <system-out/>
  <testcase classname="TestCases.TC_ID1693" name="Scenario1693" time="0.145"/>
  <system-out/>
  <testcase classname="TestCases.TC_ID1693" name="Scenario1693" time="0.151"/>
  <system-out/>
  <testcase classname="TestCases.TC_ID1693" name="Scenario1693" time="0.152"/>
  <system-out/>
  <testcase classname="TestCases.TC_ID1693" name="Scenario1693" time="0.164"/>
  <system-out/>
  <testcase classname="TestCases.TC_ID1693" name="Scenario1693" time="0.147"/>
  <system-out/>
  <testcase classname="TestCases.TC_ID1693" name="Scenario1693" time="0.202"/>
  <system-out/>
  <testcase classname="TestCases.TC_ID1693" name="Scenario1693" time="0.144"/>
  <system-out/>
  <testcase classname="TestCases.TC_ID1693" name="Scenario1693" time="0.178"/>
  <system-out/>
  <testcase classname="TestCases.TC_ID1693" name="Scenario1693" time="0.155"/>
  <system-out/>
  <testcase classname="TestCases.TC_ID1693" name="Scenario1693" time="0.148"/>
  <system-out/>
  <testcase classname="TestCases.TC_ID1693" name="Scenario1693" time="0.149"/>
  <system-out/>
  <testcase classname="TestCases.TC_ID1693" name="Scenario1693" time="0.154"/>
  <system-out/>
  <testcase classname="TestCases.TC_ID1693" name="Scenario1693" time="0.147"/>
  <system-out/>
  <testcase classname="TestCases.TC_ID1693" name="Scenario1693" time="0.138"/>
  <system-out/>
  <testcase classname="TestCases.TC_ID1693" name="Scenario1693" time="0.148"/>
  <system-out/>
  <testcase classname="TestCases.TC_ID1693" name="Scenario1693" time="0.147"/>
  <system-out/>
  <testcase classname="TestCases.TC_ID1693" name="Scenario1693" time="0.147"/>
  <system-out/>
  <testcase classname="TestCases.TC_ID1693" name="Scenario1693" time="0.144"/>
  <system-out/>
  <testcase classname="TestCases.TC_ID1693" name="Scenario1693" time="0.137"/>
  <system-out/>
  <testcase classname="TestCases.TC_ID1693" name="Scenario1693" time="0.143"/>
  <system-out/>
  <testcase classname="TestCases.TC_ID1693" name="Scenario1693" time="0.214"/>
  <system-out/>
  <testcase classname="TestCases.TC_ID1693" name="Scenario1693" time="0.146"/>
  <system-out/>
  <testcase classname="TestCases.TC_ID1693" name="Scenario1693" time="0.159"/>
  <system-out/>
  <testcase classname="TestCases.TC_ID1693" name="Scenario1693" time="0.148"/>
  <system-out/>
  <testcase classname="TestCases.TC_ID1693" name="Scenario1693" time="0.146"/>
  <system-out/>
  <testcase classname="TestCases.TC_ID1693" name="Scenario1693" time="0.151"/>
  <system-out/>
  <testcase classname="TestCases.TC_ID1693" name="Scenario1693" time="0.178"/>
  <system-out/>
  <testcase classname="TestCases.TC_ID1693" name="Scenario1693" time="0.158"/>
  <system-out/>
  <testcase classname="TestCases.TC_ID1693" name="Scenario1693" time="0.154"/>
  <system-out/>
  <testcase classname="TestCases.TC_ID1693" name="Scenario1693" time="0.142"/>
  <system-out/>
  <testcase classname="TestCases.TC_ID1693" name="Scenario1693" time="0.157"/>
  <system-out/>
  <testcase classname="TestCases.TC_ID1693" name="Scenario1693" time="0.149"/>
  <system-out/>
  <testcase classname="TestCases.TC_ID1693" name="Scenario1693" time="0.187"/>
  <system-out/>
  <testcase classname="TestCases.TC_ID1693" name="Scenario1693" time="0.150"/>
  <system-out/>
  <testcase classname="TestCases.TC_ID1693" name="Scenario1693" time="0.207"/>
  <system-out/>
  <testcase classname="TestCases.TC_ID1693" name="Scenario1693" time="0.136"/>
  <system-out/>
  <testcase classname="TestCases.TC_ID1693" name="Scenario1693" time="0.149"/>
  <system-out/>
  <testcase classname="TestCases.TC_ID1693" name="Scenario1693" time="0.187"/>
  <system-out/>
  <testcase classname="TestCases.TC_ID1693" name="Scenario1693" time="0.166"/>
  <system-out/>
  <testcase classname="TestCases.TC_ID1693" name="Scenario1693" time="0.145"/>
  <system-out/>
  <testcase classname="TestCases.TC_ID1693" name="Scenario1693" time="0.149"/>
  <system-out/>
  <testcase classname="TestCases.TC_ID1693" name="Scenario1693" time="0.144"/>
  <system-out/>
  <testcase classname="TestCases.TC_ID1693" name="Scenario1693" time="0.149"/>
  <system-out/>
  <testcase classname="TestCases.TC_ID1693" name="Scenario1693" time="0.149"/>
  <system-out/>
  <testcase classname="TestCases.TC_ID1693" name="Scenario1693" time="0.152"/>
  <system-out/>
  <testcase classname="TestCases.TC_ID1693" name="Scenario1693" time="0.149"/>
  <system-out/>
  <testcase classname="TestCases.TC_ID1693" name="Scenario1693" time="0.143"/>
  <system-out/>
  <testcase classname="TestCases.TC_ID1693" name="Scenario1693" time="0.152"/>
  <system-out/>
  <testcase classname="TestCases.TC_ID1693" name="Scenario1693" time="0.157"/>
  <system-out/>
  <testcase classname="TestCases.TC_ID1693" name="Scenario1693" time="0.139"/>
  <system-out/>
  <testcase classname="TestCases.TC_ID1693" name="Scenario1693" time="0.172"/>
  <system-out/>
  <testcase classname="TestCases.TC_ID1693" name="Scenario1693" time="0.152"/>
  <system-out/>
  <testcase classname="TestCases.TC_ID1693" name="Scenario1693" time="21.445"/>
  <system-out/>
  <testcase classname="TestCases.TC_ID1693" name="Scenario1693" time="0.202"/>
  <system-out/>
  <testcase classname="TestCases.TC_ID1693" name="Scenario1693" time="0.148"/>
  <system-out/>
</testsuite> <!-- TestCases.TC_ID1693 -->
