<?xml version="1.0" encoding="UTF-8"?>
<!-- Generated by org.testng.reporters.JUnitReportReporter -->
<testsuite hostname="DESKTOP-5F714E5" failures="0" tests="1" name="TestCases.TC_ID3990" time="1007.192" errors="0" timestamp="2022-01-18T13:26:28 IST" skipped="0">
  <testcase classname="TestCases.TC_ID3990" name="Scenario3990" time="1007.192"/>
  <system-out/>
</testsuite> <!-- TestCases.TC_ID3990 -->
