<?xml version="1.0" encoding="UTF-8"?>
<!-- Generated by org.testng.reporters.JUnitReportReporter -->
<testsuite skipped="0" hostname="DESKTOP-5F714E5" name="TestCases.TC_ID3972" tests="41" failures="0" timestamp="2021-11-11T16:17:16 IST" time="92.056" errors="0">
  <testcase name="Scenario3972" time="0.000" classname="TestCases.TC_ID3972"/>
  <system-out/>
  <testcase name="Scenario3972" time="0.000" classname="TestCases.TC_ID3972"/>
  <system-out/>
  <testcase name="Scenario3972" time="0.000" classname="TestCases.TC_ID3972"/>
  <system-out/>
  <testcase name="Scenario3972" time="0.001" classname="TestCases.TC_ID3972"/>
  <system-out/>
  <testcase name="Scenario3972" time="0.001" classname="TestCases.TC_ID3972"/>
  <system-out/>
  <testcase name="Scenario3972" time="0.000" classname="TestCases.TC_ID3972"/>
  <system-out/>
  <testcase name="Scenario3972" time="0.000" classname="TestCases.TC_ID3972"/>
  <system-out/>
  <testcase name="Scenario3972" time="0.001" classname="TestCases.TC_ID3972"/>
  <system-out/>
  <testcase name="Scenario3972" time="0.000" classname="TestCases.TC_ID3972"/>
  <system-out/>
  <testcase name="Scenario3972" time="0.000" classname="TestCases.TC_ID3972"/>
  <system-out/>
  <testcase name="Scenario3972" time="0.001" classname="TestCases.TC_ID3972"/>
  <system-out/>
  <testcase name="Scenario3972" time="0.000" classname="TestCases.TC_ID3972"/>
  <system-out/>
  <testcase name="Scenario3972" time="0.000" classname="TestCases.TC_ID3972"/>
  <system-out/>
  <testcase name="Scenario3972" time="0.001" classname="TestCases.TC_ID3972"/>
  <system-out/>
  <testcase name="Scenario3972" time="0.000" classname="TestCases.TC_ID3972"/>
  <system-out/>
  <testcase name="Scenario3972" time="0.000" classname="TestCases.TC_ID3972"/>
  <system-out/>
  <testcase name="Scenario3972" time="0.001" classname="TestCases.TC_ID3972"/>
  <system-out/>
  <testcase name="Scenario3972" time="0.001" classname="TestCases.TC_ID3972"/>
  <system-out/>
  <testcase name="Scenario3972" time="0.001" classname="TestCases.TC_ID3972"/>
  <system-out/>
  <testcase name="Scenario3972" time="0.000" classname="TestCases.TC_ID3972"/>
  <system-out/>
  <testcase name="Scenario3972" time="0.001" classname="TestCases.TC_ID3972"/>
  <system-out/>
  <testcase name="Scenario3972" time="0.000" classname="TestCases.TC_ID3972"/>
  <system-out/>
  <testcase name="Scenario3972" time="0.000" classname="TestCases.TC_ID3972"/>
  <system-out/>
  <testcase name="Scenario3972" time="0.000" classname="TestCases.TC_ID3972"/>
  <system-out/>
  <testcase name="Scenario3972" time="0.000" classname="TestCases.TC_ID3972"/>
  <system-out/>
  <testcase name="Scenario3972" time="0.000" classname="TestCases.TC_ID3972"/>
  <system-out/>
  <testcase name="Scenario3972" time="0.001" classname="TestCases.TC_ID3972"/>
  <system-out/>
  <testcase name="Scenario3972" time="0.000" classname="TestCases.TC_ID3972"/>
  <system-out/>
  <testcase name="Scenario3972" time="0.000" classname="TestCases.TC_ID3972"/>
  <system-out/>
  <testcase name="Scenario3972" time="0.000" classname="TestCases.TC_ID3972"/>
  <system-out/>
  <testcase name="Scenario3972" time="92.044" classname="TestCases.TC_ID3972"/>
  <system-out/>
  <testcase name="Scenario3972" time="0.000" classname="TestCases.TC_ID3972"/>
  <system-out/>
  <testcase name="Scenario3972" time="0.000" classname="TestCases.TC_ID3972"/>
  <system-out/>
  <testcase name="Scenario3972" time="0.001" classname="TestCases.TC_ID3972"/>
  <system-out/>
  <testcase name="Scenario3972" time="0.000" classname="TestCases.TC_ID3972"/>
  <system-out/>
  <testcase name="Scenario3972" time="0.001" classname="TestCases.TC_ID3972"/>
  <system-out/>
  <testcase name="Scenario3972" time="0.000" classname="TestCases.TC_ID3972"/>
  <system-out/>
  <testcase name="Scenario3972" time="0.000" classname="TestCases.TC_ID3972"/>
  <system-out/>
  <testcase name="Scenario3972" time="0.000" classname="TestCases.TC_ID3972"/>
  <system-out/>
  <testcase name="Scenario3972" time="0.000" classname="TestCases.TC_ID3972"/>
  <system-out/>
  <testcase name="Scenario3972" time="0.000" classname="TestCases.TC_ID3972"/>
  <system-out/>
</testsuite> <!-- TestCases.TC_ID3972 -->
