<?xml version="1.0" encoding="UTF-8"?>
<!-- Generated by org.testng.reporters.JUnitReportReporter -->
<testsuite skipped="0" hostname="DESKTOP-5F714E5" name="TestCases.TC_ID1803" tests="41" failures="0" timestamp="2021-11-11T16:17:16 IST" time="23.231" errors="0">
  <testcase name="Scenario1803" time="0.000" classname="TestCases.TC_ID1803"/>
  <system-out/>
  <testcase name="Scenario1803" time="0.001" classname="TestCases.TC_ID1803"/>
  <system-out/>
  <testcase name="Scenario1803" time="0.000" classname="TestCases.TC_ID1803"/>
  <system-out/>
  <testcase name="Scenario1803" time="0.001" classname="TestCases.TC_ID1803"/>
  <system-out/>
  <testcase name="Scenario1803" time="0.000" classname="TestCases.TC_ID1803"/>
  <system-out/>
  <testcase name="Scenario1803" time="0.000" classname="TestCases.TC_ID1803"/>
  <system-out/>
  <testcase name="Scenario1803" time="0.000" classname="TestCases.TC_ID1803"/>
  <system-out/>
  <testcase name="Scenario1803" time="0.000" classname="TestCases.TC_ID1803"/>
  <system-out/>
  <testcase name="Scenario1803" time="0.001" classname="TestCases.TC_ID1803"/>
  <system-out/>
  <testcase name="Scenario1803" time="0.000" classname="TestCases.TC_ID1803"/>
  <system-out/>
  <testcase name="Scenario1803" time="0.000" classname="TestCases.TC_ID1803"/>
  <system-out/>
  <testcase name="Scenario1803" time="0.001" classname="TestCases.TC_ID1803"/>
  <system-out/>
  <testcase name="Scenario1803" time="0.000" classname="TestCases.TC_ID1803"/>
  <system-out/>
  <testcase name="Scenario1803" time="0.000" classname="TestCases.TC_ID1803"/>
  <system-out/>
  <testcase name="Scenario1803" time="0.000" classname="TestCases.TC_ID1803"/>
  <system-out/>
  <testcase name="Scenario1803" time="0.000" classname="TestCases.TC_ID1803"/>
  <system-out/>
  <testcase name="Scenario1803" time="0.000" classname="TestCases.TC_ID1803"/>
  <system-out/>
  <testcase name="Scenario1803" time="0.000" classname="TestCases.TC_ID1803"/>
  <system-out/>
  <testcase name="Scenario1803" time="0.000" classname="TestCases.TC_ID1803"/>
  <system-out/>
  <testcase name="Scenario1803" time="0.000" classname="TestCases.TC_ID1803"/>
  <system-out/>
  <testcase name="Scenario1803" time="0.000" classname="TestCases.TC_ID1803"/>
  <system-out/>
  <testcase name="Scenario1803" time="0.000" classname="TestCases.TC_ID1803"/>
  <system-out/>
  <testcase name="Scenario1803" time="0.000" classname="TestCases.TC_ID1803"/>
  <system-out/>
  <testcase name="Scenario1803" time="0.001" classname="TestCases.TC_ID1803"/>
  <system-out/>
  <testcase name="Scenario1803" time="0.001" classname="TestCases.TC_ID1803"/>
  <system-out/>
  <testcase name="Scenario1803" time="0.001" classname="TestCases.TC_ID1803"/>
  <system-out/>
  <testcase name="Scenario1803" time="0.000" classname="TestCases.TC_ID1803"/>
  <system-out/>
  <testcase name="Scenario1803" time="0.000" classname="TestCases.TC_ID1803"/>
  <system-out/>
  <testcase name="Scenario1803" time="0.001" classname="TestCases.TC_ID1803"/>
  <system-out/>
  <testcase name="Scenario1803" time="23.219" classname="TestCases.TC_ID1803"/>
  <system-out/>
  <testcase name="Scenario1803" time="0.000" classname="TestCases.TC_ID1803"/>
  <system-out/>
  <testcase name="Scenario1803" time="0.000" classname="TestCases.TC_ID1803"/>
  <system-out/>
  <testcase name="Scenario1803" time="0.001" classname="TestCases.TC_ID1803"/>
  <system-out/>
  <testcase name="Scenario1803" time="0.000" classname="TestCases.TC_ID1803"/>
  <system-out/>
  <testcase name="Scenario1803" time="0.001" classname="TestCases.TC_ID1803"/>
  <system-out/>
  <testcase name="Scenario1803" time="0.000" classname="TestCases.TC_ID1803"/>
  <system-out/>
  <testcase name="Scenario1803" time="0.000" classname="TestCases.TC_ID1803"/>
  <system-out/>
  <testcase name="Scenario1803" time="0.000" classname="TestCases.TC_ID1803"/>
  <system-out/>
  <testcase name="Scenario1803" time="0.000" classname="TestCases.TC_ID1803"/>
  <system-out/>
  <testcase name="Scenario1803" time="0.001" classname="TestCases.TC_ID1803"/>
  <system-out/>
  <testcase name="Scenario1803" time="0.001" classname="TestCases.TC_ID1803"/>
  <system-out/>
</testsuite> <!-- TestCases.TC_ID1803 -->
