<?xml version="1.0" encoding="UTF-8"?>
<!-- Generated by org.testng.reporters.JUnitReportReporter -->
<testsuite skipped="0" hostname="DESKTOP-5F714E5" name="TestCases.TC_ID3945" tests="41" failures="0" timestamp="2021-11-11T16:17:16 IST" time="141.492" errors="0">
  <testcase name="Scenario3945" time="0.001" classname="TestCases.TC_ID3945"/>
  <system-out/>
  <testcase name="Scenario3945" time="0.000" classname="TestCases.TC_ID3945"/>
  <system-out/>
  <testcase name="Scenario3945" time="0.001" classname="TestCases.TC_ID3945"/>
  <system-out/>
  <testcase name="Scenario3945" time="0.001" classname="TestCases.TC_ID3945"/>
  <system-out/>
  <testcase name="Scenario3945" time="0.000" classname="TestCases.TC_ID3945"/>
  <system-out/>
  <testcase name="Scenario3945" time="0.000" classname="TestCases.TC_ID3945"/>
  <system-out/>
  <testcase name="Scenario3945" time="0.001" classname="TestCases.TC_ID3945"/>
  <system-out/>
  <testcase name="Scenario3945" time="0.000" classname="TestCases.TC_ID3945"/>
  <system-out/>
  <testcase name="Scenario3945" time="0.000" classname="TestCases.TC_ID3945"/>
  <system-out/>
  <testcase name="Scenario3945" time="0.001" classname="TestCases.TC_ID3945"/>
  <system-out/>
  <testcase name="Scenario3945" time="0.001" classname="TestCases.TC_ID3945"/>
  <system-out/>
  <testcase name="Scenario3945" time="0.001" classname="TestCases.TC_ID3945"/>
  <system-out/>
  <testcase name="Scenario3945" time="0.000" classname="TestCases.TC_ID3945"/>
  <system-out/>
  <testcase name="Scenario3945" time="0.001" classname="TestCases.TC_ID3945"/>
  <system-out/>
  <testcase name="Scenario3945" time="0.000" classname="TestCases.TC_ID3945"/>
  <system-out/>
  <testcase name="Scenario3945" time="0.001" classname="TestCases.TC_ID3945"/>
  <system-out/>
  <testcase name="Scenario3945" time="0.001" classname="TestCases.TC_ID3945"/>
  <system-out/>
  <testcase name="Scenario3945" time="0.000" classname="TestCases.TC_ID3945"/>
  <system-out/>
  <testcase name="Scenario3945" time="0.000" classname="TestCases.TC_ID3945"/>
  <system-out/>
  <testcase name="Scenario3945" time="0.001" classname="TestCases.TC_ID3945"/>
  <system-out/>
  <testcase name="Scenario3945" time="0.001" classname="TestCases.TC_ID3945"/>
  <system-out/>
  <testcase name="Scenario3945" time="0.001" classname="TestCases.TC_ID3945"/>
  <system-out/>
  <testcase name="Scenario3945" time="0.000" classname="TestCases.TC_ID3945"/>
  <system-out/>
  <testcase name="Scenario3945" time="0.001" classname="TestCases.TC_ID3945"/>
  <system-out/>
  <testcase name="Scenario3945" time="0.001" classname="TestCases.TC_ID3945"/>
  <system-out/>
  <testcase name="Scenario3945" time="0.000" classname="TestCases.TC_ID3945"/>
  <system-out/>
  <testcase name="Scenario3945" time="0.000" classname="TestCases.TC_ID3945"/>
  <system-out/>
  <testcase name="Scenario3945" time="0.000" classname="TestCases.TC_ID3945"/>
  <system-out/>
  <testcase name="Scenario3945" time="0.001" classname="TestCases.TC_ID3945"/>
  <system-out/>
  <testcase name="Scenario3945" time="0.000" classname="TestCases.TC_ID3945"/>
  <system-out/>
  <testcase name="Scenario3945" time="0.001" classname="TestCases.TC_ID3945"/>
  <system-out/>
  <testcase name="Scenario3945" time="0.001" classname="TestCases.TC_ID3945"/>
  <system-out/>
  <testcase name="Scenario3945" time="0.000" classname="TestCases.TC_ID3945"/>
  <system-out/>
  <testcase name="Scenario3945" time="0.000" classname="TestCases.TC_ID3945"/>
  <system-out/>
  <testcase name="Scenario3945" time="0.000" classname="TestCases.TC_ID3945"/>
  <system-out/>
  <testcase name="Scenario3945" time="0.000" classname="TestCases.TC_ID3945"/>
  <system-out/>
  <testcase name="Scenario3945" time="0.001" classname="TestCases.TC_ID3945"/>
  <system-out/>
  <testcase name="Scenario3945" time="0.004" classname="TestCases.TC_ID3945"/>
  <system-out/>
  <testcase name="Scenario3945" time="0.001" classname="TestCases.TC_ID3945"/>
  <system-out/>
  <testcase name="Scenario3945" time="0.000" classname="TestCases.TC_ID3945"/>
  <system-out/>
  <testcase name="Scenario3945" time="141.468" classname="TestCases.TC_ID3945"/>
  <system-out/>
</testsuite> <!-- TestCases.TC_ID3945 -->
